<?xml version="1.0" encoding="UTF-8"?>
<!-- Generated by org.testng.reporters.JUnitXMLReporter -->
<testsuite ignored="0" hostname="KOMAL" failures="0" tests="4" name="Test" time="32.016" errors="0" timestamp="2023-01-08T15:31:07 IST">
  <testcase classname="TestCases.ParallelTest" name="Test1" time="19.218"/>
  <testcase classname="TestCases.ParallelTest" name="Test2" time="27.593"/>
  <testcase classname="TestCases.ParallelTest" name="Test3" time="27.802"/>
  <testcase classname="TestCases.ParallelTest" name="Test4" time="31.931"/>
</testsuite> <!-- Test -->
