<?xml version="1.0" encoding="UTF-8"?>
<!-- Generated by org.testng.reporters.JUnitXMLReporter -->
<testsuite ignored="4" hostname="KOMAL" failures="0" tests="1" name="Default test(failed)(failed)(failed)" time="8.14" errors="0" timestamp="2023-01-05T14:19:54 IST">
  <testcase classname="TestCases.FailedTest" name="Test5" time="0.087"/>
  <testcase classname="TestCases.FailedTest" name="Test1" time="0.0">
    <ignored/>
  </testcase> <!-- Test1 -->
  <testcase classname="TestCases.FailedTest" name="Test2" time="0.0">
    <ignored/>
  </testcase> <!-- Test2 -->
  <testcase classname="TestCases.FailedTest" name="Test4" time="0.0">
    <ignored/>
  </testcase> <!-- Test4 -->
  <testcase classname="TestCases.FailedTest" name="Test3" time="0.0">
    <ignored/>
  </testcase> <!-- Test3 -->
</testsuite> <!-- Default test(failed)(failed)(failed) -->
