<?xml version="1.0" encoding="UTF-8"?>
<testng-results ignored="0" total="4" passed="4" failed="0" skipped="0">
  <reporter-output>
  </reporter-output>
  <suite started-at="2023-01-08T15:30:35 IST" name="Suite" finished-at="2023-01-08T15:31:07 IST" duration-ms="32016">
    <groups>
    </groups>
    <test started-at="2023-01-08T15:30:35 IST" name="Test" finished-at="2023-01-08T15:31:07 IST" duration-ms="32016">
      <class name="TestCases.ParallelTest">
        <test-method signature="Test4()[pri:0, instance:TestCases.ParallelTest@482bce4f]" started-at="2023-01-08T15:30:35 IST" name="Test4" finished-at="2023-01-08T15:31:07 IST" duration-ms="31931" status="PASS">
          <reporter-output>
          </reporter-output>
        </test-method> <!-- Test4 -->
        <test-method signature="Test2()[pri:0, instance:TestCases.ParallelTest@482bce4f]" started-at="2023-01-08T15:30:35 IST" name="Test2" finished-at="2023-01-08T15:31:02 IST" duration-ms="27593" status="PASS">
          <reporter-output>
          </reporter-output>
        </test-method> <!-- Test2 -->
        <test-method signature="Test1()[pri:0, instance:TestCases.ParallelTest@482bce4f]" started-at="2023-01-08T15:30:35 IST" name="Test1" finished-at="2023-01-08T15:30:54 IST" duration-ms="19218" status="PASS">
          <reporter-output>
          </reporter-output>
        </test-method> <!-- Test1 -->
        <test-method signature="Test3()[pri:0, instance:TestCases.ParallelTest@482bce4f]" started-at="2023-01-08T15:30:35 IST" name="Test3" finished-at="2023-01-08T15:31:03 IST" duration-ms="27802" status="PASS">
          <reporter-output>
          </reporter-output>
        </test-method> <!-- Test3 -->
      </class> <!-- TestCases.ParallelTest -->
    </test> <!-- Test -->
  </suite> <!-- Suite -->
</testng-results>
